hJhoCSYw9ejKtdsUxDYuu9IGpLpCUPIZEHYyW20565i3TCWaN0CiPJybWje69vVBPwYwI9ULl86PpokIk5SFsOnoS4koDCJWjeLaEXML5p7ws86w/M8sBEMtROhViyjsy1twh18C+pnX/87VA+BJSHlc8hJl+QyILNIQ4Ol7Lm5NicYBJVKZ9zVWJ/27uanQ
AH5TZG8ABIJDWc6y1tSGOmCR2vrVTlMYHgBshv4lqM67GEAym81JBph8AyRPVpGZktiB0Nwvu7FQRCYkA8tUWpL8aRxCo/+NZgREHSZSIHl8TgdzfDq5bQjW31V4hWMUCnPzwZanT6aJko2yWrD5j5wCqEzockXdThQZxw7D2YSp3VEoP8+3v6nK
BcvWncRD1gPVOeGYznyR1KnFxAh6/wJdBaflXSknw3nr+s+J4i9eWcdJhK3N4NSJGR8qagIQOSiUjh1vAaTuSbw0hHxyuP3mi9kBohjYSzBahzsdMhypxIz7MxUQYC7wU1/8nrL4QcjSN7epZiAMibaGCH1ciq/nLO6xSUhyV4EokUvQqvdbFYazBwIJNsWmSmRRCzzGgFi4ps15DjARE15XcUCJ2Xn8r1v/m6nu
u2cw24uJn+/+zgWl1YIfuDlbEW+h2Ve2z9AkiO1XOL/tONWxk8LPHur6udt/YOp9aqC9xMMXxmpZiu0DYy72qcamzZbKwq/O6vTPvfzgX98WWI+dEkyovffygvnempJ5jen7/8Ue7bc8NKMyoxT3w0b+rbtgWo6nx/GMexcT2qG0qcM=
BjXRAv6BLxmmT4XOQ4m91MsLCryQht286drO3ruV10nsjFOy0+0UYSmn3CdhuFkp97uKVtbapdN7cM5FJuDxvKeHQuLFahHLpx7SscqmwY7u8msGFhRTNXhwO6daGMOlNlystevSvrGa6vbhAWl3ZyHuKX8AFL86pwTT+4o+YUOEygovW5HwM1Mj/rm4qc8=
kHjGLrJ4n5qIjjxByQ5MXMsLCryQht286drO3ruV10nsnVu81eIVMymn3CdhuFkp97qKVtbapdN7cM5FJuDxvKeHQuLFahHLpx7SscqmwY7u8msGFhRTNXhwO6daGMOlNlystevSvrGa6vbhAWl3ZyHuKX8AFL86pwTT+4o+YUOEygovW5HwM1Mj/rm4qc8=
8FaC+1EIxYKvS2ghkgGV1ukqJgRFkTL2gjsmOp5BCzoDZV43j7vuNAzmYXTJ2sSgV1FwMykN+rP7g107DdeY/404NXEzSa5eyvpZGx/gSr2KoJ2Eo5dmqnmKjUPDrhZp5qbtVipCD46K9O99XGA/nzZYb12yzMh9F/Kiub4aMrlt6Zu/ZZ4Ndxw0w3JDlFeDJv6Ne4DaLufn8Wy7t5O64ZSp4w==
d/KyFS4aX+UMlzOXPJ5tZc22akoBpCZeRC1aXAhPJSk4yAUcG+hZRgt5wYIY+IuQ3Cf4PTJ8aSQMm/P1EABuENM/vH6y2AFoUpf3iWYATCk2JkhdXGrvh6wO8SlIkpfhqHGLsKrXm7UGE8ciCRYFBsrEkSs8pkC4OMYNmQ5QUfPeNzGgifk5XC/7v7upzg==
8UNGiEbVIJt/vyt85j6qBnY/NEjZY3GMdC/xlJ6X/BNBUXFB1NzkQS5I7Vu9F0jf/TjFUWMPHr56esm7z6A6nZqgjeSTV7bK6Qp947PuxonWpt22+gJ/Lnp0fx2MoA//Jlh/fcKMGN2HchJZDlpimZ3p65+1Xr0XrLRT0hNUp6M2/p2bsJp+B3dxHBtHU+qBpKnT
l6T/cvbRu6RHekvFGp4xgI8VrqpeWPFKCnQsS35+97u3QSX1US7LJpWMQz+FwNgmd0picYxvgtKFzqQ9l5ewvvLqS4koDCJWjeLaEXML5p7ws86w/M8sBEMtROhViyjsy1twh18C+pnX/87VA+BJSHlc8hJl+QyILNIQ4Ol7Lm5NicYBJVKZ9zVWJ/27uanQ
Ng4VrF3UumDX8mkhHJD/ub3vOUQ294SD+dGJ0XN2wkMjwyWrlTdQr+U43aF7LTbOMjoBaycAgg3iIDV0a7cemqFKNdNbDt65zqbFhuLilx4yNDdNJED3b57YB+16LPANTzJaKSZ6emmF6fPvrX6V52R0G4J79B8zzn4lC8j61te/sdQrLzPysbypyw==
MSvlyG5XnccPgTpxP67e4u7D2JqtgqhXU574gZxyyJ4rQdGKGPCbqP3+CPXytNl8bONjfZCI/ugz5ww28pBxMHKv54FmCFwRFn44FRwiX19M9mGhyBoHmcgpO3hqH2ttJivXKgkeFT7qHGHj/G7w4Fi+nRGO2MELPu+B6MmxSQQPw6+zqcY=
a2zR74dGk+1p5ZlIUPROGG+RPVQmfysA9j9AKRNbx5GzejkFWlT5mERulArP4wnj0Yf0V3m4Qdnfn/MGHhptYyMQZtXeYEkszyeaEg0qWZuf/jqB0qbZvgYSU1ZeVJvFoNBTN+KYOzWePPQFIxJ24eLK3hEZaW8XCc7Rr0hU94p/5Htr8r7Z02xqUl8TUTjja0OWiaCp1w==
CnUJxzw6OCrUtPhZi8aWJ8G3ZkcY5W8WWzoDUUQQeXs60UQcG+hZRgt5wYIY+IuQ2yb4PTJ8aSQMm/P1EABuENM/vH6y2AFoUpf3iWYATCk2JkhdXGrvh6wO8SlIkpfhqHGLsKrXm7UGE8ciCRYFBsrEkSs8pkC4OMYNmQ5QUfPeNzGgifk5XC/7v7upzg==
2dSbODFA9L4GDcRLEV9m2ydUabjF1h37wqfbVGnYmHylJ9GgmPQrsy5HfQiLuCOog9hWFxOZ04bXEqVk+kYdmwz54FjQDB2mf8U4BaljWjcMvOmpHcjxX8t/02GrWB6GCzClPjYP9QVMlurN0eCza70cWOJ/BvEEldMiNu1iFClvC3C6umYbvfBwwnIlDqrFy1fm2nh/3kRk8wxgqwF0fC2XaGgDV6AzB/6aPf+TPoE7PMmMcRBiZn1FrGxEfqD0EefuagUFljX9LnnTnbpXKQPlqZQ=
g9r/a0ZbyLtjBzWzcXnYYU/+YkCFgyxQLl9lCfAE2l0PKudxbncHMIHA4b62+Vam9wLaZ2X3YM/1OM1BS2NHb4K6kct3QNItEiAFFDv3znoxykWz684umd6m1aYSIid+QrSnrfQApw+u2PfNKmygrd+y6olWOkqJlenjj52+ZUfU9IsiqzTPE75+FesYOoa3LzEky59zgpGsqds=
zT/khhQjm4p0j9mtMfJe7Li1ixOmoFJW4XgeCjZncNTFmoMnSJL0lLUhk9p75XkemGQzDKa5QaHSoNF4fMdLKdDcVkyjY4SiUsQ5dCKLz5VmHHQ1RjpwQby219vcUsn1iE4vvdgtM2xKSyMpdo9/vomKvZq6WCm33Hr45EiatUXOjGmvrmsJfGnlAUBf54enqdI=
UqP2GhXRlbAnvJobx2GOFGXn4oF9wo7trqiercr9QqRg7LCnNoPjbxZjI/gbbT1yRoxkiteH0dgkoYRAU9jNL+h2N/qjXy2WWDVIJkMKZHrhkqSEoaHS2FHD+LhhQdz0BuGZggxlUCI8pUMpNSPrJuOrMkTNbo0sOR+oHkMn7uIgO6mBwidZK/S9uqnN
xZStDyyl2mZoVf3KuDwVjWcF+LRg/r3TL6+nH3L7r3iX9dmBgkS4quuP1chA2cgAH2Bpv2z+yxp/l+mmfC1EJk8SQEolWnhkXSlWSPV7tPgtObjkAumlotCtlNLYPc+pubuPVqfjbmTxZok83edk3o+fSnKks9Xhnm8dG9CltqnB
yLDYS5IfMz8hNf6mp2UCTZdrMfZ+Nku2NTyD72Uw2DZXeiQn4h8CQiV+ZO13Z7Cu0toL2Uh8osYtUhrBk/vmjtCDjuCcv6yU452EOLV7KPzrazDXP3J6CXdPDgXjEElYWWyyQgWJjBiMYtAwCYsufm25hlFFIhlnlebnLVtJqcA=
7nhvK66Jo1HdUpXIIezjxWUF+KVi6LnTL6+nH3L7r3iX9dmHgkS4quuP1chA2cgAH2Bpv2z+yxp/l+mmfC1EJk8SQEolWnhkXSlWSPV7tPgtObjkAumlotCtlNLYPc+pubuPVqfjbmTxZok83edk3o+fSnKks9Xhnm8dG9CltqnB
OxjFUl2NSLKE8bhOb5pXfJdrN+BiK0u2NTyD72Uw2DZXeiIn4h8CQiV+ZO13Z7Cu0toL2Uh8osYtUhrBk/vmjtCDjuCcv6yU452EOLV7KPzrazDXP3J6CXdPDgXjEElYWWyyQgWJjBiMYtAwCYsufm25hlFFIhlnlebnLVtJqcA=
s0nxyHq1mqm41d/jjBfCZ5drNvZwLku2NTyD72Uw2DZXeiEn4h8CQiV+ZO13Z7Cu0toL2Uh8osYtUhrBk/vmjtCDjuCcv6yU452EOLV7KPzrazDXP3J6CXdPDgXjEElYWWyyQgWJjBiMYtAwCYsufm25hlFFIhlnlebnLVtJqcA=
5nBIgoLGnsnHQ9fio7NzT3l0M6ggQCRgaQftDA0vTjz+nEBVVBQr9Y/VeUJtxabcFW8fv7oLt3iPhZEgPdVQasO/zagIiXCA57Chn3SOo1rXBxFGtB1cJlciiKrdytAkNVlOaD2rTHiVafCEGtmNYjg9LHKQTdepoUtH9h9zBiTZVpHcFTfcXvfPAlK8Qz0hNv9le5iVrqnZ
NOeoUr1irhmzoG82IW/3kQygxang5NBnvJ70v9NYKDK00f6rovxyydRywLxTwFkt6MPfniXa5CNoVew9Qei0ja83jUOQmJ64c1fsxnIg0UAy/8eRZhh8QVYOmKWc0r/vDKYBscgK50kImVsI6q/Lneb79zoJDjXuKuzBU3wekFCYbn0GjsihW35fYRhJAel0T5OPo6nW
h4vByaiR9V6uir3ZyX1nSQygxang5NBnvJ70v9NYKDK00f6rovxyydRywLxTwFkt6MPfniXa5CNoVew9Qei0ja83jUOQmJ64c1fsxnIg0UAy/8eRZhh8QVYOmKWc0r/vDKYBscgK50kImVsI6q/Lneb79zoJDjXuKuzBU3wekFCYbn0Ai8igW35fYRhJAel0T5OPo6nW
Xz2fZvQbyCbO0SvJHPILwAygxang5NBnvJ70v9NYKDK00f6rovxyydRywLxTwFkt6MPfniXa5CNoVew9Qei0ja83jUOQmJ64c1fsxnIg0UAy/8eRZhh8QVYOmKWc0r/vDKYBscgK50kImVsI6q/Lneb79zoJDjXuKuzBU3wekFCYbn0EicijW35fYRhJAel0T5OPo6nW
4ve9D+yl+Wqkt/okq4a4tAygxang5NBnvJ70v9NYKDK00f6rovxyydRywLxTwFkt6MPfniXa5CNoVew9Qei0ja83jUOQmJ64c1fsxnIg0UAy/8eRZhh8QVYOmKWc0r/vDKYBscgK50kImVsI6q/Lneb79zoJDjXuKuzBU3wekFCYbn0Dj8iiW35fYRhJAel0T5OPo6nW
