IO/5lF6hqGavqi/19GRXENIGpLpCUPIZEHYyW20565i3TCWaN0CiPJybWje69vVBPwYwI9ULl86PpokIk5SFsOnoS4koDCJWjeLaEXML5p7ws86w/M8sBEMtROhViyjsy1twh18C+pnX/87VA+BJSHlc8hJl+QyILNIQ4Ol5K25MicYBJVKZ9zVWJ/27uanQ
NfC6rQVADpQlmfbfAv/pYWCR2vrVTlMYHgBshv4lqM67GEAym81JBph8AyRPVpGZktiB0Nwvu7FQRCYkA8tUWpL8aRxCo/+NZgREHSZSIHl8TgdzfDq5bQjW31V4hWMUCnPzwZanT6aJko2yWrD5j5wCqEzockXfSxQYxw7D2YSp3VEoP8+3v6nK
3Dmb7/bPDgNb+16mTODDYKnFxAh6/wJdBaflXSknw3nr+s+J4i9eWcdJhK3N4NSJGR8qagIQOSiUjh1vAaTuSbw0hHxyuP3mi9kBohjYSzBahzsdMhypxIz7MxUQYC7wU1/8nrL4QcjSN7epZiAMibaGCH1ciq/nLO6xSUhyV4EokUvQqvdbFYazBwIJNsWmSmRRCzzGgFi4ps17CzAQE15XcUCJ2Xn8r1v/m6nu
wLINTsqLaR5kjewe2M6fBDlbEW+h2Ve2z9AkiO1XOL/tONWxk8LPHur6udt/YOp9aqC9xMMXxmpZiu0DYy72qcamzZbKwq/O6vTPvfzgX98WWI+dEkyovffygvnempJ5jen7/8Ue7bc8NKMyoxT3w0T7rbpgWo6nx/GMexcT2qG0qcM=
Ha2H+P4KYdSu5hsUWb9qH8sLCryQht286drO3ruV10nsjFOy0+0UYSmn3CdhuFkp97uKVtbapdN7cM5FJuDxvKeHQuLFahHLpx7SscqmwY7u8msGFhRTNXhwO6daGMOlNlystevSvrGa6vbhAWl3ZyHuKX8AFL86pwTT+4g7YUKEygovW5HwM1Mj/rm4qc8=
0fSfG3mA1LSdlLGuMLNmG8sLCryQht286drO3ruV10nsnVu81eIVMymn3CdhuFkp97qKVtbapdN7cM5FJuDxvKeHQuLFahHLpx7SscqmwY7u8msGFhRTNXhwO6daGMOlNlystevSvrGa6vbhAWl3ZyHuKX8AFL86pwTT+4g7YUKEygovW5HwM1Mj/rm4qc8=
+pSXa5LfYE5ENoVsSGfvwOkqJgRFkTL2gjsmOp5BCzoDZV43j7vuNAzmYXTJ2sSgV1FwMykN+rP7g107DdeY/404NXEzSa5eyvpZGx/gSr2KoJ2Eo5dmqnmKjUPDrhZp5qbtVipCD46K9O99XGA/nzZYb12yzMh9F/Kiub4aMrlt6Zu/ZZ4Ndxw0w3JDlFeDJPuNeoDaLufn8Wy7t5O64ZSp4w==
eEfAfxRqFE6KmF2gwh63g822akoBpCZeRC1aXAhPJSk4yAUcG+hZRgt5wYIY+IuQ3Cf4PTJ8aSQMm/P1EABuENM/vH6y2AFoUpf3iWYATCk2JkhdXGrvh6wO8SlIkpfhqHGLsKrXm7UGE8ciCRYFBsrEkSs8pkC4OMYNmwtQUPPeNzGgifk5XC/7v7upzg==
/zOCMP/czc0GFUFYtVVGw3Y/NEjZY3GMdC/xlJ6X/BNBUXFB1NzkQS5I7Vu9F0jf/TjFUWMPHr56esm7z6A6nZqgjeSTV7bK6Qp947PuxonWpt22+gJ/Lnp0fx2MoA//Jlh/fcKMGN2HchJZDlpimZ3p65+1Xr0XrLRT0hNUp6M0+52asJp+B3dxHBtHU+qBpKnT
uqMTFpOrABx0SDaMgBZFyI8VrqpeWPFKCnQsS35+97u3QSX1US7LJpWMQz+FwNgmd0picYxvgtKFzqQ9l5ewvvLqS4koDCJWjeLaEXML5p7ws86w/M8sBEMtROhViyjsy1twh18C+pnX/87VA+BJSHlc8hJl+QyILNIQ4Ol5K25MicYBJVKZ9zVWJ/27uanQ
9OnaGWIYdjTpAVYPbQhKJr3vOUQ294SD+dGJ0XN2wkMjwyWrlTdQr+U43aF7LTbOMjoBaycAgg3iIDV0a7cemqFKNdNbDt65zqbFhuLilx4yNDdNJED3b57YB+16LPANTzJaKSZ6emmF6fPvrX6V52R0G4J79B8zzHslCsj61te/sdQrLzPysbypyw==
6FOOLwcI0L0C+gamOvNSd+7D2JqtgqhXU574gZxyyJ4rQdGKGPCbqP3+CPXytNl8bONjfZCI/ugz5ww28pBxMHKv54FmCFwRFn44FRwiX19M9mGhyBoHmcgpO3hqH2ttJivXKgkeFT7qHGHj/G7w4Fi+nROL2MALPu+B6MmxSQQPw6+zqcY=
5pWes5JCs44yAbp0qj5s1MG3ZkcY5W8WWzoDUUQQens60UQcG+hZRgt5wYIY+IuQ2yb4PTJ8aSQMm/P1EABuENM/vH6y2AFoUpf3iWYATCk2JkhdXGrvh6wO8SlIkpfhqHGLsKrXm7UGE8ciCRYFBsrEkSs8pkC4OMYNmwtQUPPeNzGgifk5XC/7v7upzg==
0KLgdzsY5nXtTgO89lCUdSdUabjF1h37wqfbVGnYmHylJ9GgmPQrsy5HfQiLuCOog9hWFxOZ04bXEqVk+kYdmwz54FjQDB2mf8U4BaljWjcMvOmpHcjxX8t/02GrWB6GCzClPjYP9QVMlurN0eCza70cWOJ/BvEEldMiNu1iFClvC3C6umYbvfBwwnIlDqrFy1fm2nh/3kRk8wxgqwF0fC2XaGgDV6AzB/6aPf+TPoE7PMmMcRBiZn1FrGxEfqD0EeXragQFljX9LnnTnbpXKQPlqZQ=
iO4hZMS2cbocRiwaf/p4Qk/+YkCFgyxQLl9lCfAE2l0PKudxbncHMIHA4b62+Vam9wLaZ2X3YM/1OM1BS2NHb4K6kct3QNItEiAFFDv3znoxykWz684umd6m1aYSIid+QrSnrfQApw+u2PfNKmygrd+y6olWOkqJlenjj52+ZUfU9IsiqzTPE7x7FeoYOoa3LzEky59zgpGsqds=
j/AQVaMYxL8AVHDnWgf49hkA572r3gZYmZMgWCpfYQH8FMZFawoDSRJHy/jFgCV2+onqXlNifv/5Z+xHcbhJycfz2/cmWjWzy7AeZVbgwVx3xzJCVeqhq/feIpHaptGuHjI7ZqaUw5UIMOtHahizheacHNV7Uk4RyqrGARFpZwcRLvnfcJQv2hdEg9t4O1Ei1Ar6j8sRQNODY46ZqKnf
QZZdyaE8x26EnVVhPTu/+cqYh2o5IlaB3hwXo9qr397/QWh9v9JytL+nM3gKdPCKmFflQbT6CtkZXANPpdDYFhcar4At/wJiZR7kTbeHsI6Suot5iJyi5m0ymmFTG+aukOMOQFxfrLSj/QSYdZso3KsLsHf/knopNy+OpSPwSXgZDDLixWmMOMwCUJDJaSteLNkG8YXCGUfVhmeNm6mp4A==
DWTnlv4m8NfM38fX/qWwYdk5KvDTzpUuOCSnax4kFF9ffcLs+DlV+j01LL/1hPtgGwrEcdQibZJAg8ef0jtPePe1eQtli5iqi891SKAZ6AB/IMk/jD7rGh/XSSac7WQmb9KgyoUaGGR96bbIVTvU+A35WGSiqcWi8G10Unh9r6lZey/Wx6NOZBGmKby9p0bbb17q8sTz9eF+r72bsOWWqeE=
3l7186xlMKQ1Cs7AlOr4n7i1ixOmoFJW4XgeCjZncNTFmoMnSJL0lLUhk9p75XkemGQzDKa5QaHSoNF4fMdLKdDcVkyjY4SiUsQ5dCKLz5VmHHQ1RjpwQby219vcUsn1iE4vvdgtM2xKSyMpdo9/vomKvZq6WCm33Hr45EiatUfLjGivrmsJfGnlAUBf54enqdI=
pgjFsyWbnsEGiclv38fUlmXn4oF9wo7trqiercr9QqRg7LCnNoPjbxZjI/gbbT1yRoxkiteH0dgkoYRAU9jNL+h2N/qjXy2WWDVIJkMKZHrhkqSEoaHS2FHD+LhhQdz0BuGZggxlUCI8pUMpNSPrJuOrMkTNbo0sOR+qG0Mm7uIgO6mBwidZK/S9uqnN
KU8ULatxcqbZlUGcmI6Wk2cF+LRg/r3TL6+nH3L7r3iX9dmBgkS4quuP1chA2cgAH2Bpv2z+yxp/l+mmfC1EJk8SQEolWnhkXSlWSPV7tPgtObjkAumlotCtlNLYPc+pubuPVqfjbmTxZok83edm24+eSnKks9Xhnm8dG9CltqnB
SAD2wixz4Gd5huvzRP1+95drMfZ+Nku2NTyD72Uw2DZXeiQn4h8CQiV+ZO13Z7Cu0toL2Uh8osYtUhrBk/vmjtCDjuCcv6yU452EOLV7KPzrazDXP3J6CXdPDgXjEElYWWyyQgWJjBiMYtAwCYkrfmy5hlFFIhlnlebnLVtJqcA=
RlJs9qdy8w6sevQO0QVcnWUF+KVi6LnTL6+nH3L7r3iX9dmHgkS4quuP1chA2cgAH2Bpv2z+yxp/l+mmfC1EJk8SQEolWnhkXSlWSPV7tPgtObjkAumlotCtlNLYPc+pubuPVqfjbmTxZok83edm24+eSnKks9Xhnm8dG9CltqnB
FfEgDA7vJa/SlRr/9euTYpdrN+BiK0u2NTyD72Uw2DZXeiIn4h8CQiV+ZO13Z7Cu0toL2Uh8osYtUhrBk/vmjtCDjuCcv6yU452EOLV7KPzrazDXP3J6CXdPDgXjEElYWWyyQgWJjBiMYtAwCYkrfmy5hlFFIhlnlebnLVtJqcA=
keHVh/UtyyxgIm7DEAUk6JdrNvZwLku2NTyD72Uw2DZXeiEn4h8CQiV+ZO13Z7Cu0toL2Uh8osYtUhrBk/vmjtCDjuCcv6yU452EOLV7KPzrazDXP3J6CXdPDgXjEElYWWyyQgWJjBiMYtAwCYkrfmy5hlFFIhlnlebnLVtJqcA=
XY2mnj6iXloEycXcD3RP6efs2ACsvlVT9zFQDiphNtLFlNN0Xprvh7Qmsdp75XkemGQzDKe4T6HSoNF4fMdLKdDcVkyjY4SiUsQ5dCKLz5VmHHQ1RjpwQby219vcUsn1iE4vvdgtM2xKSyMpdo9/vomKvZq6WCm33Hr45EiatUTLjGivrmsJfGnlAUBf54enqdI=
dJ4b8wFOW/MT+msvNepTz8glVWwJ35NIdu6QuunsgXqtKJD2nZfdu9QLLR8NeYsMc5rxvtoMShbLieGSGOirYBt1l42yjMl0TKsT5RAQDiAT7xwOMmjhuBLn15lmEGxZdvao7dwaT1dsPpE5SIJ30eghK0AqZ/vlxuPnMgkGJfYKlPGbvFbg6Hj27YgLQDDDHueR0AlJ2Yxvi5+rqd4=
nvSDG2oSbZAGziBDK2B6o9QsSNTivwWzXo8+L0jIu2fTWLFwyb/4me6b51gJPNwGLuUUAQXgwr1HfCwJLdqt9snNBkgfNPJT/mWJjtF2gxKh1OEOe7r/0mWq/YaDa5R6kpyp/MLDv61mJAR9prLgGXxux9P8mnmNCLaf9fglIzQKk7OhFkePhomyTVLa0LlvnCLo7GjSBbxL9NhnjmMZpKm9kci/r/efqeo=
nvSDG2oSbZAGziBDK2B6o9QsSNTivwWzXo8+L0jIu2fTWLFwyb/4me6b51gJPNwGLuUUAQXgwr1HfCwJLdqt9snNBkgfNPJT/mWJjtF2gxKh1OEOe7r/0mWq/YaDa5R6kpyp/MLDv61mJAR9prLgGXxux9P8mnmNCLaf9fglIzQKk7OhFkePhomyTVLa0LlvnCLo7GjSBbxL9NhnjmMZpKm9kci/r/efqeo=
Dke/4qY3MXZMl8kJkiREqozooqvUC7+TT6PDbj0VGMaV7K3qtkG0SN3b5Ss9Lb7ENFRf0ezc9cETEyJ2bSIUae/LcHo6Jhv9cDDCsqXOqgVLF+aa+L/ehOQzDCArQXQ8rVdoqIMXoHOHvpr9f1M+Qbt8yczx0GKm/YWsLMQ+oLSRIeuqhEWWdX1ueRMdelfpg6Wp1A==
FdrQbyVXK6TOyqD1/OYmcSBQz2tr38Npw9/ypJ/jv30fbP7wCZMQHfYPetLtErd/9Ia4wdDtCCp7byUIkPn4AG8AOf/cXluaj3c5ZkwNVCZfMnCK9bqI5M2J5gilG8T4HRloJPIJNSJgDcSSqF3fqalbf5Z3Q97kYQb5fI3HUtt/fpqyFBNFYe4PTVvghaap0Q==
gqXirBXL30VPR3Wb98cEH9/4242Yog+Y1FQMv6lj2N23iAxpRuYQl1yK2HQIqlWQy9wIn277KQzp1eHQH5cnd6kC
vv7267KQdwasFbTRmaP7Y0f6bkiAt39KIGIqGepNuV9cENtfX2IUIoKFp6Gguhym/xbRRAiuMOnBFdc4PjwdMd66iNo6XecpERULDzn3znoxykWz684umd6m1aYSIid+QrSnrfQApw+u2PfNKmygrd+y6olWOkqJlenjj52+ZUfU9IsiqzTPE7t7FeoYOoa3LzEky59zgpGsqds=
zXOraLSvJuM539PHQb9ISDBVdO/bNBdJYQ5K2rpOhYgf2iRrJKf/uEWfT/JKSHorYso2r+hGnZjtztq/SZEsmJC+neUNI/XgVG7AMbQ1gjx4Xbdnmj+PA6Vgut5+KiONABGxnZfVGe1QtIZUw9t0ChIsCQyCE5+9ZjQkreZCQKn8HidjvEoZnQimf6U4lUPEiiMT0dYXr5aJom0CGqAZ3xzSiFyoguWmS+S4t87T+dQpDTE4/3/Xj6n6
GD959CnZj7H80X11cHzguh5hpJUnE6jvXt87ajVlP4YeKiey9ikh7+/oJFluRv0NpHTbAjv037MFe2WKCPoWV/+xFKvvM7IxfKkL
KO+OTD0jUjGOEChK0WmL2TfV4vL36NM2V8nVOpp5U2epHx8aHX/Ntemwg0BOVRSlRuRRb28l1JRBTSVcOzqu3ahyWBdPYmB6teI6BHXeVcwx70ub6xbmwnhL0cHaN2GLfG1SqSU=
/uWcIflif8uGKgT9IPGAIvaEJ1eNrSoBhh6IHc/VDwesVF1eWt65kPkuSkoYFZvhkQm2gJ9cU/lIlmdcdNDki7mXkHk3LESdVtL4E/xOsEDY3t07i/gA675PQcjJ0Qlkj2NvU6km
Zr9f6H2gTS2McfT/Nvg1nBd+YCxRRiViWuLBrAkSMvb4qeNdYbXOPF9gK8W4qh9glOycN0kr6MW3kDwhpm6ALxxyyHwo4qUHS0R4V07zOXQpbXFYf18Xb6ka
UH2Ma3J9DbxJRDWcoHKCxCppy9cvmVEZQ08tZlrmybgZBhoS2M3LiTHhBvgfpOOR6H63BDQINKPZv2BBNxS0tTb6KMu8FmCoeLZtwwuAsAMeJxEQCYlZTG9LH2upHg==
Y5KcGBqZKeuloIEX1APoiQNa5PIeq3ADdE8tZlrmybgZBhoS2M3LiTHhBvgfpOOR6H63BDQINKPZv2BBNxS0tTb6KMu8FmCoeLZtwwuAsAMeJxEQCYlZTG9LH2upHg==
YBjJKzHwYvBTIrZZQOOLQnM1mRjFp93noeDaZE02kZyGhEg/f/eJC6qevwaHPwDEy7LEWmB9AfUsh/dWcHt+oPQd7CSUlgCcgeVrYpRtNt0tZjmbTVJ3QRNtqRw=
vkayHW+ZFW4Rx1e0ctrTw9QsSNTivwWzXo8+L0jIu2fTWLFwyb/4me6b51gJPNwGLuUUAQXgwr1HfCwJLdqt9snNBkgfNPJT/mWJjtF2gxKh1OEOe7r/0mWq/YaDa5R6kpyp/MLDv61mJAR9prLgGXxux9P8mnmNCLaf9fglIzQKk7OhFkePhomyTVLa0LlvnCLo7GjSBbdL9NhnjmMZpKm9kci/r/efqeo=
r2smtKJYmy+vs8p7HPv68B5hpJQnE6jvXt87ajVlP4YeKiey9ikh7+/oJFluRv0NpHTbAjv037MNemWKCPoWV/+xFKvvM7IxfKkL
jWiPAxs3a9kGkpIpp1Kt3VFGMdc+5mDc+eRQFIbhfjcMhdtOU70ePEZFLHykjmBEMXHp+ie1VsUdPvnD/coXmSN1qQQ=
YXYleDh6p6JmQ4svLA4TQB+uc/tIdCC7oi1e1YGxc7/9P09szyysZLHmSTydZ6LZzx2KcuQzFeHe790bkCV2qQE=
mRR6EKE8d06vxcMd9LLRcjT2+FW7pmre2fVRTaACL1wk9Ctiy7Qv0xh5dak4uqb3TzGEC7/z4tEMqXs=
7nxWRiGmO/dIxj1Xgf9xGoYgOMJxdxrhIlhu8h+NTGC8inBoGUWpRp8R5kmVqlmfJY7H9csBqXg=
mKImibhVeD2EPYdX1F5o8lqx+kifPJNZyHKlMnTwpCs591BZNwyE/dZyuDP8LnCgWH4dUogYQ0s+LwEoyfHJxA+DL3OpBg==
DdTPnLs6cKXtHNJw5OL4Z+3Gqw31jDM+uon+BXMQWs7wtWUvJQdpky/bDlCkP+wtk6yVAxsnDAn68zVKXpu4hRL0S6JrNI+T/HhVaVg6xjdvMWRLX3NCEWypGw==
F1FsoB/7tuYZJm0e7S3uAy/O4PUwNKDVFRghuAix0xWynNv7vPYgCPjWresIoPPjnofRcAmpGazv698LqX4=
F1FsoB/7tuYZJm0e7S3uAy/O4PUwNKDVFRghuAix0xWynNv7vPYgCPjWresIoPPjnofRcAmpGazv698LqX4=
SWA3Bg1mF5paqrTDgxlDhS4ahC0439hnhZr9vtbjtnspJb+xL6E3OoUGY8eKJIlV4N3llIazbD9nZU0lpf37NWEbO//cXluaj3c5ZkwNVCZfMnCK9bqI5M2J5gilG8T4HRloJPIJNSJgDcSSqF3fqalbf5Z3Q97kYQb5fI3HVth/fZqyFBNFYe4PTVvghaap0Q==
