OEcxJ3NU/b0+rVL65x3NTtIGpLpCUPIZEHYyW20565i3TCWaN0CiPJybWje69vVBPwYwI9ULl86PpokIk5SFsOnoS4koDCJWjeLaEXML5p7ws86w/M8sBEMtROhViyjsy1twh18C+pnX/87VA+BJSHlc8hJl+QyILNIQ4Ol5Lm5NicYBJVKZ9zVWJ/27uanQ
2Q5fwHrpfnPtoztiXtY08mCR2vrVTlMYHgBshv4lqM67GEAym81JBph8AyRPVpGZktiB0Nwvu7FQRCYkA8tUWpL8aRxCo/+NZgREHSZSIHl8TgdzfDq5bQjW31V4hWMUCnPzwZanT6aJko2yWrD5j5wCqEzockXfThQZxw7D2YSp3VEoP8+3v6nK
vxcKy2RyggH1G3K0FVCbfqnFxAh6/wJdBaflXSknw3nr+s+J4i9eWcdJhK3N4NSJGR8qagIQOSiUjh1vAaTuSbw0hHxyuP3mi9kBohjYSzBahzsdMhypxIz7MxUQYC7wU1/8nrL4QcjSN7epZiAMibaGCH1ciq/nLO6xSUhyV4EokUvQqvdbFYazBwIJNsWmSmRRCzzGgFi4ps17DjARE15XcUCJ2Xn8r1v/m6nu
IjqCGTvp5XxaCWqh3dkc5TlbEW+h2Ve2z9AkiO1XOL/tONWxk8LPHur6udt/YOp9aqC9xMMXxmpZiu0DYy72qcamzZbKwq/O6vTPvfzgX98WWI+dEkyovffygvnempJ5jen7/8Ue7bc8NKMyoxT3w0T+rbtgWo6nx/GMexcT2qG0qcM=
53zEWDrKMaLxIVXZHi0ZdMsLCryQht286drO3ruV10nsjFOy0+0UYSmn3CdhuFkp97uKVtbapdN7cM5FJuDxvKeHQuLFahHLpx7SscqmwY7u8msGFhRTNXhwO6daGMOlNlystevSvrGa6vbhAWl3ZyHuKX8AFL86pwTT+4g+YUOEygovW5HwM1Mj/rm4qc8=
Lmx1TZyJLnTZI5X2tpdGEssLCryQht286drO3ruV10nsnVu81eIVMymn3CdhuFkp97qKVtbapdN7cM5FJuDxvKeHQuLFahHLpx7SscqmwY7u8msGFhRTNXhwO6daGMOlNlystevSvrGa6vbhAWl3ZyHuKX8AFL86pwTT+4g+YUOEygovW5HwM1Mj/rm4qc8=
lbTL4b3QJlTqTQfhLstrxukqJgRFkTL2gjsmOp5BCzoDZV43j7vuNAzmYXTJ2sSgV1FwMykN+rP7g107DdeY/404NXEzSa5eyvpZGx/gSr2KoJ2Eo5dmqnmKjUPDrhZp5qbtVipCD46K9O99XGA/nzZYb12yzMh9F/Kiub4aMrlt6Zu/ZZ4Ndxw0w3JDlFeDJP6Ne4DaLufn8Wy7t5O64ZSp4w==
vxzxIfPPtsp0mVc/8kM9vs22akoBpCZeRC1aXAhPJSk4yAUcG+hZRgt5wYIY+IuQ3Cf4PTJ8aSQMm/P1EABuENM/vH6y2AFoUpf3iWYATCk2JkhdXGrvh6wO8SlIkpfhqHGLsKrXm7UGE8ciCRYFBsrEkSs8pkC4OMYNmw5QUfPeNzGgifk5XC/7v7upzg==
sn4SBJZlnXv8//YABK7aI3Y/NEjZY3GMdC/xlJ6X/BNBUXFB1NzkQS5I7Vu9F0jf/TjFUWMPHr56esm7z6A6nZqgjeSTV7bK6Qp947PuxonWpt22+gJ/Lnp0fx2MoA//Jlh/fcKMGN2HchJZDlpimZ3p65+1Xr0XrLRT0hNUp6M0/p2bsJp+B3dxHBtHU+qBpKnT
aNfwq1tt7VmiIGgAo5jcLY8VrqpeWPFKCnQsS35+97u3QSX1US7LJpWMQz+FwNgmd0picYxvgtKFzqQ9l5ewvvLqS4koDCJWjeLaEXML5p7ws86w/M8sBEMtROhViyjsy1twh18C+pnX/87VA+BJSHlc8hJl+QyILNIQ4Ol5Lm5NicYBJVKZ9zVWJ/27uanQ
HNLgGB48dgWMAnnRiiVADr3vOUQ294SD+dGJ0XN2wkMjwyWrlTdQr+U43aF7LTbOMjoBaycAgg3iIDV0a7cemqFKNdNbDt65zqbFhuLilx4yNDdNJED3b57YB+16LPANTzJaKSZ6emmF6fPvrX6V52R0G4J79B8zzH4lC8j61te/sdQrLzPysbypyw==
tP26lRyKLLRO7hNGN8wN3e7D2JqtgqhXU574gZxyyJ4rQdGKGPCbqP3+CPXytNl8bONjfZCI/ugz5ww28pBxMHKv54FmCFwRFn44FRwiX19M9mGhyBoHmcgpO3hqH2ttJivXKgkeFT7qHGHj/G7w4Fi+nROO2MELPu+B6MmxSQQPw6+zqcY=
vHWA00q8ahp6Kq7Ft1lmvsG3ZkcY5W8WWzoDUUQQens60UQcG+hZRgt5wYIY+IuQ2yb4PTJ8aSQMm/P1EABuENM/vH6y2AFoUpf3iWYATCk2JkhdXGrvh6wO8SlIkpfhqHGLsKrXm7UGE8ciCRYFBsrEkSs8pkC4OMYNmw5QUfPeNzGgifk5XC/7v7upzg==
FdBP38haJxSruF9qdM8dyidUabjF1h37wqfbVGnYmHylJ9GgmPQrsy5HfQiLuCOog9hWFxOZ04bXEqVk+kYdmwz54FjQDB2mf8U4BaljWjcMvOmpHcjxX8t/02GrWB6GCzClPjYP9QVMlurN0eCza70cWOJ/BvEEldMiNu1iFClvC3C6umYbvfBwwnIlDqrFy1fm2nh/3kRk8wxgqwF0fC2XaGgDV6AzB/6aPf+TPoE7PMmMcRBiZn1FrGxEfqD0EeXuagUFljX9LnnTnbpXKQPlqZQ=
RPFJpT0LcsA8lB+RWyODo0/+YkCFgyxQLl9lCfAE2l0PKudxbncHMIHA4b62+Vam9wLaZ2X3YM/1OM1BS2NHb4K6kct3QNItEiAFFDv3znoxykWz684umd6m1aYSIid+QrSnrfQApw+u2PfNKmygrd+y6olWOkqJlenjj52+ZUfU9IsiqzTPE7x+FesYOoa3LzEky59zgpGsqds=
HIqYrgFhGGdGOdinkbm5whkA572r3gZYmZMgWCpfYQH8FMZFawoDSRJHy/jFgCV2+onqXlNifv/5Z+xHcbhJycfz2/cmWjWzy7AeZVbgwVx3xzJCVeqhq/feIpHaptGuHjI7ZqaUw5UIMOtHahizheacHNV7Uk4RyqrGARFpZwcRLvnfcJQv2hdEg9t4PlEj1Ar6j8sRQNODY46ZqKnf
jk5nvjY0DAuDry6V5fBMR8qYh2o5IlaB3hwXo9qr397/QWh9v9JytL+nM3gKdPCKmFflQbT6CtkZXANPpdDYFhcar4At/wJiZR7kTbeHsI6Suot5iJyi5m0ymmFTG+aukOMOQFxfrLSj/QSYdZso3KsLsHf/knopNy+OpSPwSXgZDDLixWmMOMwCUJDJaS5eLdkG8YXCGUfVhmeNm6mp4A==
1TRqgEPCmk3AL7oSV3fs9dk5KvDTzpUuOCSnax4kFF9ffcLs+DlV+j01LL/1hPtgGwrEcdQibZJAg8ef0jtPePe1eQtli5iqi891SKAZ6AB/IMk/jD7rGh/XSSac7WQmb9KgyoUaGGR96bbIVTvU+A35WGSiqcWi8G10Unh9r6lZey/Wx6NOZBGmKby9p0beb1/q8sTz9eF+r72bsOWWqeE=
DEimkTyReyU3bbSdWU3rVbi1ixOmoFJW4XgeCjZncNTFmoMnSJL0lLUhk9p75XkemGQzDKa5QaHSoNF4fMdLKdDcVkyjY4SiUsQ5dCKLz5VmHHQ1RjpwQby219vcUsn1iE4vvdgtM2xKSyMpdo9/vomKvZq6WCm33Hr45EiatUfOjGmvrmsJfGnlAUBf54enqdI=
rfSge8VAwC4S+wEcYzvYEGXn4oF9wo7trqiercr9QqRg7LCnNoPjbxZjI/gbbT1yRoxkiteH0dgkoYRAU9jNL+h2N/qjXy2WWDVIJkMKZHrhkqSEoaHS2FHD+LhhQdz0BuGZggxlUCI8pUMpNSPrJuOrMkTNbo0sOR+qHkMn7uIgO6mBwidZK/S9uqnN
dmIIFA6GBnK0wQ7RWmY8UGcF+LRg/r3TL6+nH3L7r3iX9dmBgkS4quuP1chA2cgAH2Bpv2z+yxp/l+mmfC1EJk8SQEolWnhkXSlWSPV7tPgtObjkAumlotCtlNLYPc+pubuPVqfjbmTxZok83edm3o+fSnKks9Xhnm8dG9CltqnB
6wYOp2LqfXhfZJFP3+2UP5drMfZ+Nku2NTyD72Uw2DZXeiQn4h8CQiV+ZO13Z7Cu0toL2Uh8osYtUhrBk/vmjtCDjuCcv6yU452EOLV7KPzrazDXP3J6CXdPDgXjEElYWWyyQgWJjBiMYtAwCYkufm25hlFFIhlnlebnLVtJqcA=
FJrLPuAUE/MeOOqk3vKJy2UF+KVi6LnTL6+nH3L7r3iX9dmHgkS4quuP1chA2cgAH2Bpv2z+yxp/l+mmfC1EJk8SQEolWnhkXSlWSPV7tPgtObjkAumlotCtlNLYPc+pubuPVqfjbmTxZok83edm3o+fSnKks9Xhnm8dG9CltqnB
nEjbYJXTJLINGPcLIe4jjpdrN+BiK0u2NTyD72Uw2DZXeiIn4h8CQiV+ZO13Z7Cu0toL2Uh8osYtUhrBk/vmjtCDjuCcv6yU452EOLV7KPzrazDXP3J6CXdPDgXjEElYWWyyQgWJjBiMYtAwCYkufm25hlFFIhlnlebnLVtJqcA=
9A13gyehPo5j3NEHnlKChJdrNvZwLku2NTyD72Uw2DZXeiEn4h8CQiV+ZO13Z7Cu0toL2Uh8osYtUhrBk/vmjtCDjuCcv6yU452EOLV7KPzrazDXP3J6CXdPDgXjEElYWWyyQgWJjBiMYtAwCYkufm25hlFFIhlnlebnLVtJqcA=
T8T9YEH2yP9tVQxVPoYQS+fs2ACsvlVT9zFQDiphNtLFlNN0Xprvh7Qmsdp75XkemGQzDKe4T6HSoNF4fMdLKdDcVkyjY4SiUsQ5dCKLz5VmHHQ1RjpwQby219vcUsn1iE4vvdgtM2xKSyMpdo9/vomKvZq6WCm33Hr45EiatULOjGmvrmsJfGnlAUBf54enqdI=
dJcB3g4ElQKkImndMzxwssglVWwJ35NIdu6QuunsgXqtKJD2nZfdu9QLLR8NeYsMc5rxvtoMShbLieGSGOirYBt1l42yjMl0TKsT5RAQDiAT7xwOMmjhuBLn15lmEGxZdvao7dwaT1dsPpE5SIJ30eghK0AqZ/vlxuPnMgkGJfYKlPGbvFbg6Hj27Y4OQDHDHueR0AlJ2Yxvi5+rqd4=
yqpWzCMvcqq9U+Fqb3kUftQsSNTivwWzXo8+L0jIu2fTWLFwyb/4me6b51gJPNwGLuUUAQXgwr1HfCwJLdqt9snNBkgfNPJT/mWJjtF2gxKh1OEOe7r/0mWq/YaDa5R6kpyp/MLDv61mJAR9prLgGXxux9P8mnmNCLaf9fglIzQKk7OhFkePhomyTVLa0LlvnCLo7GjSBbpO9NlnjmMZpKm9kci/r/efqeo=
yqpWzCMvcqq9U+Fqb3kUftQsSNTivwWzXo8+L0jIu2fTWLFwyb/4me6b51gJPNwGLuUUAQXgwr1HfCwJLdqt9snNBkgfNPJT/mWJjtF2gxKh1OEOe7r/0mWq/YaDa5R6kpyp/MLDv61mJAR9prLgGXxux9P8mnmNCLaf9fglIzQKk7OhFkePhomyTVLa0LlvnCLo7GjSBbpO9NlnjmMZpKm9kci/r/efqeo=
b0e5uQ10kHoWoEaQy2ZWzYzooqvUC7+TT6PDbj0VGMaV7K3qtkG0SN3b5Ss9Lb7ENFRf0ezc9cETEyJ2bSIUae/LcHo6Jhv9cDDCsqXOqgVLF+aa+L/ehOQzDCArQXQ8rVdoqIMXoHOHvpr9f1M+Qbt8yczx0GKm/YWsLMQ+oLSRJeuqhEWWdX1ueRMdelfpg6Wp1A==
92X3IFeoLjj+IJtAw3YozCBQz2tr38Npw9/ypJ/jv30fbP7wCZMQHfYPetLtErd/9Ia4wdDtCCp7byUIkPn4AG8AOf/cXluaj3c5ZkwNVCZfMnCK9bqI5M2J5gilG8T4HRloJPIJNSJgDcSSqF3fqalbf5Z3Q97kYQb5fI3HVtt/fpqyFBNFYe4PTVvghaap0Q==
gqXirBXL30VPR3Wb98cEH9/4242Yog+Y1FQMv6lj2N23iAxpRuYQl1yK2HQIqlWQy9wIn277KQzp1eHQH5cnd6kC
vv7267KQdwasFbTRmaP7Y0f6bkiAt39KIGIqGepNuV9cENtfX2IUIoKFp6Gguhym/xbRRAiuMOnBFdc4PjwdMd66iNo6XecpERULDzn3znoxykWz684umd6m1aYSIid+QrSnrfQApw+u2PfNKmygrd+y6olWOkqJlenjj52+ZUfU9IsiqzTPE7t7FeoYOoa3LzEky59zgpGsqds=
zXOraLSvJuM539PHQb9ISDBVdO/bNBdJYQ5K2rpOhYgf2iRrJKf/uEWfT/JKSHorYso2r+hGnZjtztq/SZEsmJC+neUNI/XgVG7AMbQ1gjx4Xbdnmj+PA6Vgut5+KiONABGxnZfVGe1QtIZUw9t0ChIsCQyCE5+9ZjQkreZCQKn8HidjvEoZnQimf6U4lUPEiiMT0dYXr5aJom0CGqAZ3xzSiFyoguWmS+S4t87T+dQpDTE4/3/Xj6n6
g0bOkQXMCevaTlk2ybj9qB9hpJUnE6jvXt87ajVlP4YeKiey9ikh7+/oJFluRv0NpHTbAjv037MEe2WKCPoWV/+xFKvvM7IxfKkL
s2lsbPedbiEOMDHHhK+LQzfV4vL36NM2V8nVOpp5U2epHx8aHX/Ntemwg0BOVRSlRuRRb28l1JRBTSVcOzqu3ahyWBdPYmB6teI6BHXeVcwx70qb6xbmwnhL0cHaN2GLfG1SqSU=
/uWcIflif8uGKgT9IPGAIvaEJ1eNrSoBhh6IHc/VDwesVF1eWt65kPkuSkoYFZvhkQm2gJ9cU/lIlmdcdNDki7mXkHk3LESdVtL4E/xOsEDY3t07i/gA675PQcjJ0Qlkj2NvU6km
Zr9f6H2gTS2McfT/Nvg1nBd+YCxRRiViWuLBrAkSMvb4qeNdYbXOPF9gK8W4qh9glOycN0kr6MW3kDwhpm6ALxxyyHwo4qUHS0R4V07zOXQpbXFYf18Xb6ka
UH2Ma3J9DbxJRDWcoHKCxCppy9cvmVEZQ08tZlrmybgZBhoS2M3LiTHhBvgfpOOR6H63BDQINKPZv2BBNxS0tTb6KMu8FmCoeLZtwwuAsAMeJxEQCYlZTG9LH2upHg==
Y5KcGBqZKeuloIEX1APoiQNa5PIeq3ADdE8tZlrmybgZBhoS2M3LiTHhBvgfpOOR6H63BDQINKPZv2BBNxS0tTb6KMu8FmCoeLZtwwuAsAMeJxEQCYlZTG9LH2upHg==
QKC4FZSoK3nTiuKAvp6x8HM1mRjFp93noeDaZE02kZyGhEg/f/eJC6qevwaHPwDEy7LEWmB9AfUsh/dWcHt+oPQd7CSUlgCcgexqYpRtNt0tZjmbTVJ3QRNtqRw=
ZHneBEVAVWatX3HE4ZUbldQsSNTivwWzXo8+L0jIu2fTWLFwyb/4me6b51gJPNwGLuUUAQXgwr1HfCwJLdqt9snNBkgfNPJT/mWJjtF2gxKh1OEOe7r/0mWq/YaDa5R6kpyp/MLDv61mJAR9prLgGXxux9P8mnmNCLaf9fglIzQKk7OhFkePhomyTVLa0LlvnCLo7GjSBb5K9NhnjmMZpKm9kci/r/efqeo=
cHERVYIRJIoGKt1bTbhzTx9hpJQnE6jvXt87ajVlP4YeKiey9ikh7+/oJFluRv0NpHTbAjv037MMemWKCPoWV/+xFKvvM7IxfKkL
fVqSZUp/XX7WK2pBafW1gVFGMdc+5mDc+eRQFIbhfjcMhdtOU70ePEZFLHykjmBEMXTv+ia1VsUdPvnD/coXmSN1qQQ=
UCbLgyqjvzJZFMz2U/KAzx+uc/tIdCC7oi1e1YGxc7/9P09szyysZLHmSTydZ6ffzxyKcuQzFeHe790bkCV2qQE=
0mEuY7GbGU+tjNoO30pnyTT2+FW7pmre2fVRTaACL1wk9Ctiy7Qv0x1/dag4uqb3TzGEC7/z4tEMqXs=
9qF/t76ACPKzAfoWTKTrV4YgOMJxdxrhIlhu8h+NTGC8inBoGUCvRp4R5kmVqlmfJY7H9csBqXg=
Zox2hUkji4cElb5t0jCfm1qx+kifPJNZyHKlMnTwpCs591BZNwyE/dZyuDP8LnCgWH4dV48YQks+LwEoyfHJxA+DL3OpBg==
P5tgKyV5fJvcHYjUSMgiA+nB2nq/dgwxrHkcebaS0afnMmixSDID7kD435tWkVWYTxzfEwJjHAgZtGr1DF/zZT+ohEhZJqK+/qCyHz3rOXMyBBqxOJmkwjBYOwe5DhOpupDGFd5gqeyvpzpSLSp5239+WkHypvl+ZpKzFn5Uu4UAUDP3Apgb9T68FMVDEpahQkp+UflpD9epTnFvKFQXyh9k2yvUv7mQjOrynzNRGCMLw3bJgKn3
6+OXJv8peyOmaaSUKtIj7aLA2HqnMxRwv3AFdLnXmKepdHK2fHxM81Hi4YFaixy1GALEBRBlQhIYqS3+JVL8VzqohEhZJqK+/qCyEzzrOXMyBBqxOJmkwjBYOwe5DhOpupDGFd5gqeyvpzpSLSp5239+WkHypvl+ZpKzFn5Uu4UAUDP3Apgb9T68FMVDEpahQkp+UflpD9epTnFvKFQXyh9k2yvUv7mQjOrynzNRGCMLw3bJgKn3
